1698064151927	geckodriver	INFO	Listening on 127.0.0.1:39179
1698064151938	mozrunner::runner	INFO	Running command: MOZ_CRASHREPORTER="1" MOZ_CRASHREPORTER_NO_REPORT="1" MOZ_CRASHREPORTER_SHUTDOWN="1" MOZ_NO_REMOTE="1" "/usr ... te" "--remote-debugging-port" "33979" "--remote-allow-hosts" "localhost" "-no-remote" "-profile" "/tmp/rust_mozprofile4etMBP"
console.warn: services.settings: Ignoring preference override of remote settings server
console.warn: services.settings: Allow by setting MOZ_REMOTE_SETTINGS_DEVTOOLS=1 in the environment
ATTENTION: default value of option mesa_glthread overridden by environment.
1698064152794	Marionette	INFO	Marionette enabled
ATTENTION: default value of option mesa_glthread overridden by environment.
1698064152928	Marionette	INFO	Listening on port 39197
Read port: 39197
WebDriver BiDi listening on ws://127.0.0.1:33979
1698064153596	RemoteAgent	WARN	TLS certificate errors will be ignored for this session
console.error: ({})
DevTools listening on ws://127.0.0.1:33979/devtools/browser/4562dd0c-c54a-46cb-9efd-31896ff15017
console.error: (new TypeError("this._searchProviderInfo is null", "resource:///modules/SearchSERPTelemetry.sys.mjs", 638))
JavaScript error: https://storyweaver.org.in/assets/js/app.72540ba8.js, line 1: TypeError: e.data is undefined
console.error: "update.locale" " file doesn't exist in either the application or GRE directories"
console.warn: LoginRecipes: "Falling back to a synchronous message for: https://storyweaver.org.in."
console.warn: LoginRecipes: "Falling back to a synchronous message for: https://storyweaver.org.in."
console.warn: LoginRecipes: "Falling back to a synchronous message for: https://storyweaver.org.in."
JavaScript error: https://storyweaver.org.in/assets/application-ae7e5296a85e73528a66bd0909a7723f.js, line 20: uncaught exception: DOMException: WRONG_DOCUMENT_ERR
JavaScript error: https://storyweaver.org.in/assets/application-ae7e5296a85e73528a66bd0909a7723f.js, line 20: uncaught exception: DOMException: WRONG_DOCUMENT_ERR
JavaScript error: https://storyweaver.org.in/assets/application-ae7e5296a85e73528a66bd0909a7723f.js, line 20: uncaught exception: DOMException: WRONG_DOCUMENT_ERR
JavaScript error: https://storyweaver.org.in/assets/application-ae7e5296a85e73528a66bd0909a7723f.js, line 20: uncaught exception: DOMException: WRONG_DOCUMENT_ERR
JavaScript error: https://storyweaver.org.in/assets/application-ae7e5296a85e73528a66bd0909a7723f.js, line 20: uncaught exception: DOMException: WRONG_DOCUMENT_ERR
JavaScript error: https://storyweaver.org.in/assets/application-ae7e5296a85e73528a66bd0909a7723f.js, line 20: uncaught exception: DOMException: WRONG_DOCUMENT_ERR
1698064235820	Marionette	INFO	Stopped listening on port 39197
