1698064315603	geckodriver	INFO	Listening on 127.0.0.1:57935
1698064315617	mozrunner::runner	INFO	Running command: MOZ_CRASHREPORTER="1" MOZ_CRASHREPORTER_NO_REPORT="1" MOZ_CRASHREPORTER_SHUTDOWN="1" MOZ_NO_REMOTE="1" "/usr ... te" "--remote-debugging-port" "54579" "--remote-allow-hosts" "localhost" "-no-remote" "-profile" "/tmp/rust_mozprofileYtjniO"
console.warn: services.settings: Ignoring preference override of remote settings server
console.warn: services.settings: Allow by setting MOZ_REMOTE_SETTINGS_DEVTOOLS=1 in the environment
ATTENTION: default value of option mesa_glthread overridden by environment.
1698064316476	Marionette	INFO	Marionette enabled
ATTENTION: default value of option mesa_glthread overridden by environment.
1698064316621	Marionette	INFO	Listening on port 38867
WebDriver BiDi listening on ws://127.0.0.1:54579
Read port: 38867
1698064318198	RemoteAgent	WARN	TLS certificate errors will be ignored for this session
console.error: ({})
DevTools listening on ws://127.0.0.1:54579/devtools/browser/bb16b553-387d-407a-87d3-920e6ab4ac42
console.error: (new TypeError("this._searchProviderInfo is null", "resource:///modules/SearchSERPTelemetry.sys.mjs", 638))
console.error: "update.locale" " file doesn't exist in either the application or GRE directories"
console.warn: LoginRecipes: "Falling back to a synchronous message for: https://storyweaver.org.in."
console.warn: LoginRecipes: "Falling back to a synchronous message for: https://storyweaver.org.in."
console.warn: LoginRecipes: "Falling back to a synchronous message for: https://storyweaver.org.in."
JavaScript error: https://storyweaver.org.in/assets/application-ae7e5296a85e73528a66bd0909a7723f.js, line 20: uncaught exception: DOMException: WRONG_DOCUMENT_ERR
JavaScript error: https://storyweaver.org.in/assets/application-ae7e5296a85e73528a66bd0909a7723f.js, line 20: uncaught exception: DOMException: WRONG_DOCUMENT_ERR
JavaScript error: https://storyweaver.org.in/assets/application-ae7e5296a85e73528a66bd0909a7723f.js, line 20: uncaught exception: DOMException: WRONG_DOCUMENT_ERR
JavaScript error: https://storyweaver.org.in/assets/application-ae7e5296a85e73528a66bd0909a7723f.js, line 20: uncaught exception: DOMException: WRONG_DOCUMENT_ERR
JavaScript error: https://storyweaver.org.in/assets/application-ae7e5296a85e73528a66bd0909a7723f.js, line 20: uncaught exception: DOMException: WRONG_DOCUMENT_ERR
JavaScript error: https://storyweaver.org.in/assets/application-ae7e5296a85e73528a66bd0909a7723f.js, line 20: uncaught exception: DOMException: WRONG_DOCUMENT_ERR
JavaScript error: https://storyweaver.org.in/assets/application-ae7e5296a85e73528a66bd0909a7723f.js, line 20: uncaught exception: DOMException: WRONG_DOCUMENT_ERR
JavaScript error: https://storyweaver.org.in/assets/application-ae7e5296a85e73528a66bd0909a7723f.js, line 20: uncaught exception: DOMException: WRONG_DOCUMENT_ERR
JavaScript error: https://storyweaver.org.in/assets/application-ae7e5296a85e73528a66bd0909a7723f.js, line 20: uncaught exception: DOMException: WRONG_DOCUMENT_ERR
JavaScript error: https://storyweaver.org.in/assets/application-ae7e5296a85e73528a66bd0909a7723f.js, line 20: uncaught exception: DOMException: WRONG_DOCUMENT_ERR
JavaScript error: https://storyweaver.org.in/assets/application-ae7e5296a85e73528a66bd0909a7723f.js, line 20: uncaught exception: DOMException: WRONG_DOCUMENT_ERR
JavaScript error: https://storyweaver.org.in/assets/application-ae7e5296a85e73528a66bd0909a7723f.js, line 20: uncaught exception: DOMException: WRONG_DOCUMENT_ERR
JavaScript error: https://storyweaver.org.in/assets/application-ae7e5296a85e73528a66bd0909a7723f.js, line 20: uncaught exception: DOMException: WRONG_DOCUMENT_ERR
JavaScript error: https://storyweaver.org.in/assets/application-ae7e5296a85e73528a66bd0909a7723f.js, line 20: uncaught exception: DOMException: WRONG_DOCUMENT_ERR
JavaScript error: https://storyweaver.org.in/assets/application-ae7e5296a85e73528a66bd0909a7723f.js, line 20: uncaught exception: DOMException: WRONG_DOCUMENT_ERR
JavaScript error: https://storyweaver.org.in/assets/application-ae7e5296a85e73528a66bd0909a7723f.js, line 20: uncaught exception: DOMException: WRONG_DOCUMENT_ERR
JavaScript error: https://storyweaver.org.in/assets/application-ae7e5296a85e73528a66bd0909a7723f.js, line 20: uncaught exception: DOMException: WRONG_DOCUMENT_ERR
JavaScript error: https://storyweaver.org.in/assets/application-ae7e5296a85e73528a66bd0909a7723f.js, line 20: uncaught exception: DOMException: WRONG_DOCUMENT_ERR
JavaScript error: https://storyweaver.org.in/assets/application-ae7e5296a85e73528a66bd0909a7723f.js, line 20: uncaught exception: DOMException: WRONG_DOCUMENT_ERR
JavaScript error: https://storyweaver.org.in/assets/application-ae7e5296a85e73528a66bd0909a7723f.js, line 20: uncaught exception: DOMException: WRONG_DOCUMENT_ERR
JavaScript error: https://storyweaver.org.in/assets/application-ae7e5296a85e73528a66bd0909a7723f.js, line 20: uncaught exception: DOMException: WRONG_DOCUMENT_ERR
JavaScript error: https://storyweaver.org.in/assets/application-ae7e5296a85e73528a66bd0909a7723f.js, line 20: uncaught exception: DOMException: WRONG_DOCUMENT_ERR
JavaScript error: https://storyweaver.org.in/assets/application-ae7e5296a85e73528a66bd0909a7723f.js, line 20: uncaught exception: DOMException: WRONG_DOCUMENT_ERR
JavaScript error: https://storyweaver.org.in/assets/application-ae7e5296a85e73528a66bd0909a7723f.js, line 20: uncaught exception: DOMException: WRONG_DOCUMENT_ERR
JavaScript error: https://storyweaver.org.in/assets/application-ae7e5296a85e73528a66bd0909a7723f.js, line 20: uncaught exception: DOMException: WRONG_DOCUMENT_ERR
JavaScript error: https://storyweaver.org.in/assets/application-ae7e5296a85e73528a66bd0909a7723f.js, line 20: uncaught exception: DOMException: WRONG_DOCUMENT_ERR
JavaScript error: https://storyweaver.org.in/assets/application-ae7e5296a85e73528a66bd0909a7723f.js, line 20: uncaught exception: DOMException: WRONG_DOCUMENT_ERR
JavaScript error: https://storyweaver.org.in/assets/application-ae7e5296a85e73528a66bd0909a7723f.js, line 20: uncaught exception: DOMException: WRONG_DOCUMENT_ERR
JavaScript error: https://storyweaver.org.in/assets/application-ae7e5296a85e73528a66bd0909a7723f.js, line 20: uncaught exception: DOMException: WRONG_DOCUMENT_ERR
JavaScript error: https://storyweaver.org.in/assets/application-ae7e5296a85e73528a66bd0909a7723f.js, line 20: uncaught exception: DOMException: WRONG_DOCUMENT_ERR
JavaScript error: https://storyweaver.org.in/assets/application-ae7e5296a85e73528a66bd0909a7723f.js, line 20: uncaught exception: DOMException: WRONG_DOCUMENT_ERR
JavaScript error: https://storyweaver.org.in/assets/application-ae7e5296a85e73528a66bd0909a7723f.js, line 20: uncaught exception: DOMException: WRONG_DOCUMENT_ERR
JavaScript error: , line 0: uncaught exception: DOMException: WRONG_DOCUMENT_ERR
JavaScript error: , line 0: uncaught exception: DOMException: WRONG_DOCUMENT_ERR
JavaScript error: , line 0: uncaught exception: DOMException: WRONG_DOCUMENT_ERR
JavaScript error: , line 0: uncaught exception: DOMException: WRONG_DOCUMENT_ERR
JavaScript error: , line 0: uncaught exception: DOMException: WRONG_DOCUMENT_ERR
JavaScript error: , line 0: uncaught exception: DOMException: WRONG_DOCUMENT_ERR
JavaScript error: , line 0: uncaught exception: DOMException: WRONG_DOCUMENT_ERR
JavaScript error: , line 0: uncaught exception: DOMException: WRONG_DOCUMENT_ERR
JavaScript error: , line 0: uncaught exception: DOMException: WRONG_DOCUMENT_ERR
JavaScript error: , line 0: uncaught exception: DOMException: WRONG_DOCUMENT_ERR
JavaScript error: , line 0: uncaught exception: DOMException: WRONG_DOCUMENT_ERR
JavaScript error: , line 0: uncaught exception: DOMException: WRONG_DOCUMENT_ERR
Marionette threw an error: TypeError: browsingContext.currentWindowGlobal is null
getMarionetteCommandsActorProxy/get/<@chrome://remote/content/marionette/actors/MarionetteCommandsParent.sys.mjs:352:17
observe@resource://gre/modules/AsyncShutdown.sys.mjs:573:17

console.error: "Marionette threw an error: TypeError: browsingContext.currentWindowGlobal is null\ngetMarionetteCommandsActorProxy/get/<@chrome://remote/content/marionette/actors/MarionetteCommandsParent.sys.mjs:352:17\nobserve@resource://gre/modules/AsyncShutdown.sys.mjs:573:17\n"
1698064405465	Marionette	INFO	Stopped listening on port 38867
1698064405700	geckodriver::marionette	ERROR	Failed to close browser connection: Socket not connected (os error 107)
[ERROR glean_core] Can't persist ping lifetime data: Error { kind: Rkv(IoError(Os { code: 2, kind: NotFound, message: "No such file or directory" })) }
