==============================================================================
Test Suites                                                                   
==============================================================================
Test Suites.Mandatory Login Test                                              
==============================================================================
Test Setup                                                            | PASS |
------------------------------------------------------------------------------
Test for Manadatory login/signup after 3 reads :: Testing Mandator... | PASS |
------------------------------------------------------------------------------
User should be able to login from the manadtory Login/Signup modal    | PASS |
------------------------------------------------------------------------------
Test Teardown                                                         | PASS |
------------------------------------------------------------------------------
Test Suites.Mandatory Login Test                                      | PASS |
4 tests, 4 passed, 0 failed
==============================================================================
Test Suites                                                           | PASS |
4 tests, 4 passed, 0 failed
==============================================================================
Output:  /home/my/PycharmProjects/StoryWeaver/pabot_results/2/output.xml
