[ ERROR ] Taking listener 'RobotStackTracer' into use failed: Importing listener 'RobotStackTracer' failed: ModuleNotFoundError: No module named 'RobotStackTracer'
Traceback (most recent call last):
  None
PYTHONPATH:
  /home/my/.local/bin
  /usr/lib/python38.zip
  /usr/lib/python3.8
  /usr/lib/python3.8/lib-dynload
  /home/my/.local/lib/python3.8/site-packages
  /usr/local/lib/python3.8/dist-packages
  /usr/lib/python3/dist-packages
[ WARN ] Keyword 'Capture Page Screenshot' could not be run on failure: Message: no such window: target window already closed
from unknown error: web view not found
  (Session info: chrome=117.0.5938.149)
Stacktrace:
#0 0x556a3f02d933 <unknown>
#1 0x556a3ed076f7 <unknown>
#2 0x556a3ece0558 <unknown>
#3 0x556a3ed7596f <unknown>
#4 0x556a3ed893ab <unknown>
#5 0x556a3ed703d3 <unknown>
#6 0x556a3ed42e64 <unknown>
#7 0x556a3ed43c4e <unknown>
#8 0x556a3eff3558 <unknown>
#9 0x556a3eff74a0 <unknown>
#10 0x556a3f00197c <unknown>
#11 0x556a3eff80b8 <unknown>
#12 0x556a3efc3cdf <unknown>
#13 0x556a3f01c048 <unknown>
#14 0x556a3f01c219 <unknown>
#15 0x556a3f02cac3 <unknown>
#16 0x7fae397c4609 start_thread

