==============================================================================
Test Suites                                                                   
==============================================================================
Test Suites.Login Test                                                        
==============================================================================
Login Test with valid crediantials :: Testing Login with In-valid ... | PASS |
------------------------------------------------------------------------------
Login Test with invalid credentials :: Testing Login with valid cr... | PASS |
------------------------------------------------------------------------------
Login Test with OTP :: Testing Login with valid credentials           | PASS |
------------------------------------------------------------------------------
Resend confirmation Test :: Testing confirmtion mail                  | PASS |
------------------------------------------------------------------------------
Forgot password Test :: Testing forgot password mail                  | PASS |
------------------------------------------------------------------------------
Test Suites.Login Test                                                | PASS |
5 tests, 5 passed, 0 failed
==============================================================================
Test Suites                                                           | PASS |
5 tests, 5 passed, 0 failed
==============================================================================
Output:  /home/my/PycharmProjects/StoryWeaver/pabot_results/1/output.xml
